Task Name: Mapping1_Mapping1
Agent Group Id: 025000000000002
Agent Group Name: Informatica Cloud Hosted Agent
Agent Id: 00800000000002U
Task Type: MTT_TEST
Run Id: 1
Service Id: 822960
Started By: kotkur.akhila@ibm.com
Run Context Type: ICS_UI
04/06/2023 12:14:14 **** Importing Connection: Conn_01207I0B000000000004 ...
04/06/2023 12:14:14 **** Importing Source Definition: Phones ...
04/06/2023 12:14:14 **** Importing Target Definition: Budget_Phones ...
04/06/2023 12:14:14 **** Importing SessionConfig: default_session_config ...
    <Warning> :  The Error Log DB Connection value should have Relational: as the prefix.
    <Warning> :  Invalid value  for attribute Error Log DB Connection. Will use the default value 
    Validating Source Definition  Phones...
    Validating Target Definition  Budget_Phones...
04/06/2023 12:14:14 **** Importing Mapping: Mapping0 ...
    <Warning> :  transformation: Source - Invalid value  for attribute Output is repeatable. Will use the default value Never    [transformation< Source > ] 
Validating transformations of mapping Mapping0...
Validating mapping variable(s).
04/06/2023 12:14:14 **** Importing Workflow: wf_mtt_01207I0Z000000000002 ...
    <Warning> :  Invalid value None for attribute Pushdown Optimization Context. Will use the default value None     [Session< s_mtt_01207I0Z000000000002 > ] 
    <Warning> :  The value entered is not a valid integer.
    <Warning> :  Invalid value NO for attribute Fail task after wait time. Will use the default value 
Successfully extracted session instance [s_mtt_01207I0Z000000000002].  Starting repository sequence id is [-1958184187]
DIRECTOR> VAR_27085 [2023-04-06 12:14:14.297] Parameter file [/data2/home/cldagnt/SystemAgent/apps/Data_Integration_Server/data/01207I0E00000000005L/01207I/parameters/s_mtt_01207I0Z000000000002.param] is opened for [session [wf_mtt_01207I0Z000000000002.s_mtt_01207I0Z000000000002]].
DIRECTOR> VAR_27062 [2023-04-06 12:14:14.297] Warning! Cannot find section for worklet [wf_mtt_01207I0Z000000000002] and folder [] in parameter file [/data2/home/cldagnt/SystemAgent/apps/Data_Integration_Server/data/01207I0E00000000005L/01207I/parameters/s_mtt_01207I0Z000000000002.param].
DIRECTOR> TM_6014 [2023-04-06 12:14:14.297] Initializing session [s_mtt_01207I0Z000000000002] at [Thu Apr 06 12:14:14 2023].
DIRECTOR> TM_6683 [2023-04-06 12:14:14.297] Repository Name: [XMLRepository]
DIRECTOR> TM_6684 [2023-04-06 12:14:14.297] Server Name: [rDTM]
DIRECTOR> TM_6686 [2023-04-06 12:14:14.297] Folder: []
DIRECTOR> TM_6685 [2023-04-06 12:14:14.297] Workflow: [wf_mtt_01207I0Z000000000002] Run Instance Name: [] Run Id: [0]
DIRECTOR> TM_6992 [2023-04-06 12:14:14.297] Opearting System Type [Linux]
DIRECTOR> TM_6101 [2023-04-06 12:14:14.297] Mapping name: Mapping0.
DIRECTOR> TM_6964 [2023-04-06 12:14:14.297] Date format for the Session is [MM/DD/YYYY HH24:MI:SS.US]
DIRECTOR> TM_6703 [2023-04-06 12:14:14.298] Session [s_mtt_01207I0Z000000000002] is run by 64-bit Integration Service  [], version [10.2.0 HotFix2], build [0320].
MANAGER> PETL_24091 [2023-04-06 12:14:14.308] Thread [MANAGER] has the ID [1].
MANAGER> PETL_24058 [2023-04-06 12:14:14.308] Running Partition Group [1].
MANAGER> PETL_24000 [2023-04-06 12:14:14.309] Parallel Pipeline Engine initializing.
MONITOR> PETL_24091 [2023-04-06 12:14:14.309] Thread [MONITOR] has the ID [2].
MANAGER> PETL_24001 [2023-04-06 12:14:14.309] Parallel Pipeline Engine running.
MANAGER> PETL_24003 [2023-04-06 12:14:14.309] Initializing session run.
MAPPING> PETL_24091 [2023-04-06 12:14:14.309] Thread [MAPPING] has the ID [3].
MAPPING> CMN_1569 [2023-04-06 12:14:14.311] Server Mode: [UNICODE]
MAPPING> CMN_1570 [2023-04-06 12:14:14.311] Server Code page: [ISO 8859-1 Western European]
MAPPING> TM_6151 [2023-04-06 12:14:14.311] The session sort order is [Binary].
MAPPING> TM_6185 [2023-04-06 12:14:14.311] Warning. Code page validation is disabled in this session.
MAPPING> CMN_65109 [2023-04-06 12:14:14.311] Current Timezone:[UTC +0:0]
MAPPING> CMN_65111 [2023-04-06 12:14:14.311] Current Process ID:[4436]
MAPPING> TM_6155 [2023-04-06 12:14:14.311] Using HIGH precision processing.
MAPPING> TM_6180 [2023-04-06 12:14:14.311] Deadlock retry logic will not be implemented.
MAPPING> TM_6187 [2023-04-06 12:14:14.311] Session target-based commit interval is [10000].
MAPPING> TM_6307 [2023-04-06 12:14:14.312] DTM error log disabled. 
MAPPING> TE_7022 [2023-04-06 12:14:14.312] TShmWriter: Initialized
MAPPING> TM_6007 [2023-04-06 12:14:14.313] DTM initialized successfully for session [s_mtt_01207I0Z000000000002]
DIRECTOR> PETL_24033 [2023-04-06 12:14:14.330] All DTM Connection Info: [<NONE>].
MANAGER> PETL_24004 [2023-04-06 12:14:14.330] Starting pre-session tasks. : (Thu Apr 06 12:14:14 2023)
PRE-SESS> PETL_24091 [2023-04-06 12:14:14.331] Thread [PRE-SESS] has the ID [4].
MANAGER> PETL_24027 [2023-04-06 12:14:14.331] Pre-session task completed successfully. : (Thu Apr 06 12:14:14 2023)
DIRECTOR> PETL_24006 [2023-04-06 12:14:14.332] Starting data movement.
MAPPING> TM_6660 [2023-04-06 12:14:14.332] Total Buffer Pool size is 11280640 bytes and Block size is 624480 bytes.
READER_1_1_1> PETL_24091 [2023-04-06 12:14:14.333] Thread [READER_1_1_1] has the ID [5].
READER_1_1_1> DBG_21438 [2023-04-06 12:14:14.333] Reader: Source is [odbc://dbtype=MySQL;host=db4free.net;port=3306;database=fstm4db], Type [ODBC], User [fstm4db]
READER_1_1_1> BLKR_16051 [2023-04-06 12:14:14.335] Source database connection [Conn_01207I0B000000000004] code page: [UTF-8 encoding of Unicode]
READER_1_1_1> CMN_1021 [2023-04-06 12:14:14.335] Database driver event...
CMN_1021 [Driver Manager used is [UnixODBC 2.3.4].]

READER_1_1_1> CMN_1021 [2023-04-06 12:14:21.979] Database driver event...
CMN_1021 [ODBC Event Using array fetches.
ODBC Event Using Single Row Inserts. connect string = [Driver=MySQL ODBC 8.0 Unicode Driver;Server=db4free.net;Database=fstm4db;Port=3306;USER=fstm4db;NO_SSPS=1;stmt=set time_zone = '+00:00';Charset=UTF8;OPTION=3;SSLMODE=DISABLED]. userid = [fstm4db]
ODBC Version:	03.52
.
DBMS Name:	MySQL
.
DBMS Version:	8.0.32
.
Driver Name:	libmyodbc8w.so
.
Driver Version:	08.00.0012
.
Driver ODBC Version:	03.80
.
MySQL rewrite batch optimization is disabled with maximum bind parameter size set to 2500.]

READER_1_1_1> BLKR_16003 [2023-04-06 12:14:21.979] Initialization completed successfully.
TRANSF_1_1_1> PETL_24091 [2023-04-06 12:14:21.980] Thread [TRANSF_1_1_1] has the ID [6].
WRITER_1_*_1> PETL_24091 [2023-04-06 12:14:21.980] Thread [WRITER_1_*_1] has the ID [7].
WRITER_1_*_1> WRT_8147 [2023-04-06 12:14:21.981] Writer: Target is Database [odbc://dbtype=MySQL;host=db4free.net;port=3306;database=fstm4db], Type [ODBC], User [fstm4db], Bulk Mode [OFF]
WRITER_1_*_1> CMN_1021 [2023-04-06 12:14:21.981] Database driver event...
CMN_1021 [Driver Manager used is [UnixODBC 2.3.4].]

WRITER_1_*_1> CMN_1021 [2023-04-06 12:14:32.670] Database driver event...
CMN_1021 [ODBC Event Using array fetches.
ODBC Event Using Single Row Inserts. connect string = [Driver=MySQL ODBC 8.0 Unicode Driver;Server=db4free.net;Database=fstm4db;Port=3306;USER=fstm4db;NO_SSPS=1;stmt=set time_zone = '+00:00';Charset=UTF8;OPTION=3;SSLMODE=DISABLED]. userid = [fstm4db]
ODBC Version:	03.52
.
DBMS Name:	MySQL
.
DBMS Version:	8.0.32
.
Driver Name:	libmyodbc8w.so
.
Driver Version:	08.00.0012
.
Driver ODBC Version:	03.80
.
MySQL rewrite batch optimization is disabled with maximum bind parameter size set to 2500.]

WRITER_1_*_1> WRT_8221 [2023-04-06 12:14:33.250] Target database connection [Conn_01207I0B000000000004] code page: [UTF-8 encoding of Unicode]
WRITER_1_*_1> WRT_8124 [2023-04-06 12:14:33.251] Target Table Budget_Phones :SQL INSERT statement:
INSERT INTO fstm4db.Budget_Phones(Prod_ID,Prod_Name,Prod_Desc,Prod_Price)  VALUES ( ?, ?, ?, ?) 
WRITER_1_*_1> WRT_8020 [2023-04-06 12:14:33.251] No column marked as primary key for table [Budget_Phones]. UPDATEs Not Supported.
WRITER_1_*_1> WRT_8270 [2023-04-06 12:14:33.251] Target connection group #1 consists of target(s) [Budget_Phones]
WRITER_1_*_1> WRT_8003 [2023-04-06 12:14:33.251] Writer initialization complete.
WRITER_1_*_1> WRT_8005 [2023-04-06 12:14:33.252] Writer run started.
READER_1_1_1> BLKR_16007 [2023-04-06 12:14:33.252] Reader run started.
WRITER_1_*_1> WRT_8158 [2023-04-06 12:14:33.252] 

*****START LOAD SESSION*****

Load Start Time: Thu Apr 06 12:14:33 2023

Target tables:

     Budget_Phones


READER_1_1_1> RR_4010 [2023-04-06 12:14:33.252] SQ instance [Source] SQL Query [SELECT fstm4db.Phones.Prod_ID, fstm4db.Phones.Prod_Name, fstm4db.Phones.Prod_Desc, fstm4db.Phones.Prod_Price FROM fstm4db.Phones]
READER_1_1_1> RR_4049 [2023-04-06 12:14:33.252] SQL Query issued to database : (Thu Apr 06 12:14:33 2023)
READER_1_1_1> RR_4050 [2023-04-06 12:14:33.546] First row returned from database to reader : (Thu Apr 06 12:14:33 2023)
READER_1_1_1> BLKR_16019 [2023-04-06 12:14:33.547] Read [100] rows, read [0] error rows for source table [Phones] instance name [Phones]
READER_1_1_1> BLKR_16008 [2023-04-06 12:14:33.547] Reader run completed.
TRANSF_1_1_1> DBG_21216 [2023-04-06 12:14:33.547] Finished transformations for Source Qualifier [Source]. Total errors [0] 
WRITER_1_*_1> WRT_8167 [2023-04-06 12:14:33.547] Start loading table [Budget_Phones] at: Thu Apr 06 12:14:33 2023
WRITER_1_*_1> WRT_8168 [2023-04-06 12:14:36.159] End loading table [Budget_Phones] at: Thu Apr 06 12:14:36 2023
WRITER_1_*_1> WRT_8141 [2023-04-06 12:14:36.560] 
Commit on end-of-data  Thu Apr 06 12:14:36 2023
===================================================

WRT_8036 Target: Budget_Phones (Instance Name: [Budget_Phones])
WRT_8038 Inserted rows - Requested: 9          Applied: 9          Rejected: 0          Affected: 9         

WRITER_1_*_1> WRT_8035 [2023-04-06 12:14:36.560] Load complete time: Thu Apr 06 12:14:36 2023

LOAD SUMMARY
============

WRT_8036 Target: Budget_Phones (Instance Name: [Budget_Phones])
WRT_8038 Inserted rows - Requested: 9          Applied: 9          Rejected: 0          Affected: 9         


WRITER_1_*_1> WRT_8043 [2023-04-06 12:14:36.560] *****END LOAD SESSION*****
WRITER_1_*_1> WRT_8006 [2023-04-06 12:14:36.852] Writer run completed.
MANAGER> PETL_24031 [2023-04-06 12:14:36.852] 
***** RUN INFO FOR TGT LOAD ORDER GROUP [1], CONCURRENT SET [1] *****
Thread [READER_1_1_1] created for [the read stage] of partition point [Source] has completed.
	Total Run Time = [0.587740] secs
	Total Idle Time = [0.000000] secs
	Busy Percentage = [100.000000]
Thread [TRANSF_1_1_1] created for [the transformation stage] of partition point [Source] has completed. The total run time was insufficient for any meaningful statistics.
Thread [WRITER_1_*_1] created for [the write stage] of partition point [Budget_Phones] has completed.
	Total Run Time = [3.305066] secs
	Total Idle Time = [0.000000] secs
	Busy Percentage = [100.000000]

MANAGER> PETL_24005 [2023-04-06 12:14:36.853] Starting post-session tasks. : (Thu Apr 06 12:14:36 2023)
POST-SESS> PETL_24091 [2023-04-06 12:14:36.853] Thread [POST-SESS] has the ID [8].
MANAGER> PETL_24029 [2023-04-06 12:14:36.854] Post-session task completed successfully. : (Thu Apr 06 12:14:36 2023)
MAPPING> TM_6018 [2023-04-06 12:14:36.854] The session completed with [0] row transformation errors. 
MANAGER> PETL_24002 [2023-04-06 12:14:37.098] Parallel Pipeline Engine finished.
DIRECTOR> PETL_24012 [2023-04-06 12:14:37.098] Session run completed successfully.
DIRECTOR> TM_6022 [2023-04-06 12:14:37.098] 

SESSION LOAD SUMMARY
================================================

DIRECTOR> TM_6252 [2023-04-06 12:14:37.098] Source Load Summary.
DIRECTOR> CMN_1740 [2023-04-06 12:14:37.098] Table: [Source] (Instance Name: [Source] Instance UI Name: [Source])
	 Output Rows [100], Affected Rows [100], Applied Rows [100], Rejected Rows [0]
DIRECTOR> TM_6253 [2023-04-06 12:14:37.098] Target Load Summary.
DIRECTOR> CMN_1740 [2023-04-06 12:14:37.098] Table: [Budget_Phones] (Instance Name: [Budget_Phones] Instance UI Name: [Target])
	 Output Rows [9], Affected Rows [9], Applied Rows [9], Rejected Rows [0]
DIRECTOR> TM_6023 [2023-04-06 12:14:37.098] 
===================================================

DIRECTOR> TM_6020 [2023-04-06 12:14:37.098] Session [s_mtt_01207I0Z000000000002] completed at [Thu Apr 06 12:14:37 2023].
