Task Name: Mapping3_Mapping3
Agent Group Id: 025000000000002
Agent Group Name: Informatica Cloud Hosted Agent
Agent Id: 00800000000002U
Task Type: MTT_TEST
Run Id: 1
Service Id: 822960
Started By: Maniar.Apurvabhai@ibm.com
Run Context Type: ICS_UI
04/07/2023 07:07:42 **** Importing Connection: Conn_01207I0B000000000004 ...
04/07/2023 07:07:42 **** Importing Source Definition: Cars ...
04/07/2023 07:07:42 **** Importing Target Definition: Min_Car_Prices_Ananya ...
04/07/2023 07:07:42 **** Importing SessionConfig: default_session_config ...
    <Warning> :  The Error Log DB Connection value should have Relational: as the prefix.
    <Warning> :  Invalid value  for attribute Error Log DB Connection. Will use the default value 
    Validating Source Definition  Cars...
    Validating Target Definition  Min_Car_Prices_Ananya...
04/07/2023 07:07:42 **** Importing Mapping: Mapping0 ...
    <Warning> :  transformation: Source - Invalid value  for attribute Output is repeatable. Will use the default value Never    [transformation< Source > ] 
Validating transformations of mapping Mapping0...
Validating mapping variable(s).
04/07/2023 07:07:42 **** Importing Workflow: wf_mtt_01207I0Z000000000004 ...
    <Warning> :  Invalid value None for attribute Pushdown Optimization Context. Will use the default value None     [Session< s_mtt_01207I0Z000000000004 > ] 
    <Warning> :  The value entered is not a valid integer.
    <Warning> :  Invalid value NO for attribute Fail task after wait time. Will use the default value 
Successfully extracted session instance [s_mtt_01207I0Z000000000004].  Starting repository sequence id is [-1896144573]
DIRECTOR> VAR_27085 [2023-04-07 07:07:42.074] Parameter file [/data2/home/cldagnt/SystemAgent/apps/Data_Integration_Server/data/01207I0E00000000005N/01207I/parameters/s_mtt_01207I0Z000000000004.param] is opened for [session [wf_mtt_01207I0Z000000000004.s_mtt_01207I0Z000000000004]].
DIRECTOR> VAR_27062 [2023-04-07 07:07:42.074] Warning! Cannot find section for worklet [wf_mtt_01207I0Z000000000004] and folder [] in parameter file [/data2/home/cldagnt/SystemAgent/apps/Data_Integration_Server/data/01207I0E00000000005N/01207I/parameters/s_mtt_01207I0Z000000000004.param].
DIRECTOR> TM_6014 [2023-04-07 07:07:42.074] Initializing session [s_mtt_01207I0Z000000000004] at [Fri Apr 07 07:07:42 2023].
DIRECTOR> TM_6683 [2023-04-07 07:07:42.074] Repository Name: [XMLRepository]
DIRECTOR> TM_6684 [2023-04-07 07:07:42.074] Server Name: [rDTM]
DIRECTOR> TM_6686 [2023-04-07 07:07:42.074] Folder: []
DIRECTOR> TM_6685 [2023-04-07 07:07:42.074] Workflow: [wf_mtt_01207I0Z000000000004] Run Instance Name: [] Run Id: [0]
DIRECTOR> TM_6992 [2023-04-07 07:07:42.074] Opearting System Type [Linux]
DIRECTOR> TM_6101 [2023-04-07 07:07:42.074] Mapping name: Mapping0.
DIRECTOR> TM_6964 [2023-04-07 07:07:42.075] Date format for the Session is [MM/DD/YYYY HH24:MI:SS.US]
DIRECTOR> TM_6703 [2023-04-07 07:07:42.075] Session [s_mtt_01207I0Z000000000004] is run by 64-bit Integration Service  [], version [10.2.0 HotFix2], build [0320].
MANAGER> PETL_24091 [2023-04-07 07:07:42.086] Thread [MANAGER] has the ID [1].
MANAGER> PETL_24058 [2023-04-07 07:07:42.086] Running Partition Group [1].
MANAGER> PETL_24000 [2023-04-07 07:07:42.086] Parallel Pipeline Engine initializing.
MONITOR> PETL_24091 [2023-04-07 07:07:42.086] Thread [MONITOR] has the ID [2].
MANAGER> PETL_24001 [2023-04-07 07:07:42.086] Parallel Pipeline Engine running.
MANAGER> PETL_24003 [2023-04-07 07:07:42.086] Initializing session run.
MAPPING> PETL_24091 [2023-04-07 07:07:42.087] Thread [MAPPING] has the ID [3].
MAPPING> CMN_1569 [2023-04-07 07:07:42.088] Server Mode: [UNICODE]
MAPPING> CMN_1570 [2023-04-07 07:07:42.088] Server Code page: [ISO 8859-1 Western European]
MAPPING> TM_6151 [2023-04-07 07:07:42.088] The session sort order is [Binary].
MAPPING> TM_6185 [2023-04-07 07:07:42.088] Warning. Code page validation is disabled in this session.
MAPPING> CMN_65109 [2023-04-07 07:07:42.088] Current Timezone:[UTC +0:0]
MAPPING> CMN_65111 [2023-04-07 07:07:42.088] Current Process ID:[13986]
MAPPING> TM_6155 [2023-04-07 07:07:42.088] Using HIGH precision processing.
MAPPING> TM_6180 [2023-04-07 07:07:42.088] Deadlock retry logic will not be implemented.
MAPPING> TM_6187 [2023-04-07 07:07:42.088] Session target-based commit interval is [10000].
MAPPING> TM_6307 [2023-04-07 07:07:42.089] DTM error log disabled. 
MAPPING> TE_7022 [2023-04-07 07:07:42.089] TShmWriter: Initialized
MAPPING> DBG_21694 [2023-04-07 07:07:42.090] Aggregator Partition [0]: Index cache size = [1000000], Data cache size = [2000000]
MAPPING> TE_7212 [2023-04-07 07:07:42.091] Increasing [Index Cache] size for transformation [Aggregator] from [1000000] to [10549248].
MAPPING> TE_7212 [2023-04-07 07:07:42.091] Increasing [Data Cache] size for transformation [Aggregator] from [2000000] to [2097280].
MAPPING> TE_7029 [2023-04-07 07:07:42.091] Aggregate Information: Creating New Index and Data Files
MAPPING> TE_7034 [2023-04-07 07:07:42.091] Aggregate Information: Index file is [/data2/home/cldagnt/SystemAgent/apps/Data_Integration_Server/data/01207I0E00000000005N/01207I/cache/PMAGG-1896144544_4_0.idx]
MAPPING> TE_7035 [2023-04-07 07:07:42.091] Aggregate Information: Data file is [/data2/home/cldagnt/SystemAgent/apps/Data_Integration_Server/data/01207I0E00000000005N/01207I/cache/PMAGG-1896144544_4_0.dat]
MAPPING> TM_6007 [2023-04-07 07:07:42.092] DTM initialized successfully for session [s_mtt_01207I0Z000000000004]
DIRECTOR> PETL_24033 [2023-04-07 07:07:42.107] All DTM Connection Info: [<NONE>].
MANAGER> PETL_24004 [2023-04-07 07:07:42.107] Starting pre-session tasks. : (Fri Apr 07 07:07:42 2023)
PRE-SESS> PETL_24091 [2023-04-07 07:07:42.108] Thread [PRE-SESS] has the ID [4].
MANAGER> PETL_24027 [2023-04-07 07:07:42.109] Pre-session task completed successfully. : (Fri Apr 07 07:07:42 2023)
DIRECTOR> PETL_24006 [2023-04-07 07:07:42.109] Starting data movement.
MAPPING> TM_6660 [2023-04-07 07:07:42.109] Total Buffer Pool size is 7954240 bytes and Block size is 439680 bytes.
READER_1_1_1> PETL_24091 [2023-04-07 07:07:42.109] Thread [READER_1_1_1] has the ID [5].
READER_1_1_1> DBG_21438 [2023-04-07 07:07:42.110] Reader: Source is [odbc://dbtype=MySQL;host=db4free.net;port=3306;database=fstm4db], Type [ODBC], User [fstm4db]
READER_1_1_1> BLKR_16051 [2023-04-07 07:07:42.112] Source database connection [Conn_01207I0B000000000004] code page: [UTF-8 encoding of Unicode]
READER_1_1_1> CMN_1021 [2023-04-07 07:07:42.112] Database driver event...
CMN_1021 [Driver Manager used is [UnixODBC 2.3.4].]

READER_1_1_1> CMN_1021 [2023-04-07 07:07:49.772] Database driver event...
CMN_1021 [ODBC Event Using array fetches.
ODBC Event Using Single Row Inserts. connect string = [Driver=MySQL ODBC 8.0 Unicode Driver;Server=db4free.net;Database=fstm4db;Port=3306;USER=fstm4db;NO_SSPS=1;stmt=set time_zone = '+00:00';Charset=UTF8;OPTION=3;SSLMODE=DISABLED]. userid = [fstm4db]
ODBC Version:	03.52
.
DBMS Name:	MySQL
.
DBMS Version:	8.0.32
.
Driver Name:	libmyodbc8w.so
.
Driver Version:	08.00.0012
.
Driver ODBC Version:	03.80
.
MySQL rewrite batch optimization is disabled with maximum bind parameter size set to 2500.]

READER_1_1_1> BLKR_16003 [2023-04-07 07:07:49.773] Initialization completed successfully.
TRANSF_1_1_1> PETL_24091 [2023-04-07 07:07:49.773] Thread [TRANSF_1_1_1] has the ID [6].
WRITER_1_*_1> PETL_24091 [2023-04-07 07:07:49.773] Thread [WRITER_1_*_1] has the ID [7].
WRITER_1_*_1> WRT_8147 [2023-04-07 07:07:49.774] Writer: Target is Database [odbc://dbtype=MySQL;host=db4free.net;port=3306;database=fstm4db], Type [ODBC], User [fstm4db], Bulk Mode [OFF]
WRITER_1_*_1> CMN_1021 [2023-04-07 07:07:49.774] Database driver event...
CMN_1021 [Driver Manager used is [UnixODBC 2.3.4].]

WRITER_1_*_1> CMN_1021 [2023-04-07 07:07:52.394] Database driver event...
CMN_1021 [ODBC Event Using array fetches.
ODBC Event Using Single Row Inserts. connect string = [Driver=MySQL ODBC 8.0 Unicode Driver;Server=db4free.net;Database=fstm4db;Port=3306;USER=fstm4db;NO_SSPS=1;stmt=set time_zone = '+00:00';Charset=UTF8;OPTION=3;SSLMODE=DISABLED]. userid = [fstm4db]
ODBC Version:	03.52
.
DBMS Name:	MySQL
.
DBMS Version:	8.0.32
.
Driver Name:	libmyodbc8w.so
.
Driver Version:	08.00.0012
.
Driver ODBC Version:	03.80
.
MySQL rewrite batch optimization is disabled with maximum bind parameter size set to 2500.]

WRITER_1_*_1> WRT_8221 [2023-04-07 07:07:52.976] Target database connection [Conn_01207I0B000000000004] code page: [UTF-8 encoding of Unicode]
WRITER_1_*_1> WRT_8124 [2023-04-07 07:07:52.977] Target Table Min_Car_Prices_Ananya :SQL INSERT statement:
INSERT INTO fstm4db.Min_Car_Prices_Ananya(Car_ID,Car_Name,Car_Country)  VALUES ( ?, ?, ?) 
WRITER_1_*_1> WRT_8020 [2023-04-07 07:07:52.977] No column marked as primary key for table [Min_Car_Prices_Ananya]. UPDATEs Not Supported.
WRITER_1_*_1> WRT_8270 [2023-04-07 07:07:52.977] Target connection group #1 consists of target(s) [Min_Car_Prices_Ananya]
WRITER_1_*_1> WRT_8003 [2023-04-07 07:07:52.977] Writer initialization complete.
WRITER_1_*_1> WRT_8005 [2023-04-07 07:07:52.977] Writer run started.
READER_1_1_1> BLKR_16007 [2023-04-07 07:07:52.977] Reader run started.
WRITER_1_*_1> WRT_8158 [2023-04-07 07:07:52.977] 

*****START LOAD SESSION*****

Load Start Time: Fri Apr 07 07:07:52 2023

Target tables:

     Min_Car_Prices_Ananya


READER_1_1_1> RR_4010 [2023-04-07 07:07:52.977] SQ instance [Source] SQL Query [SELECT fstm4db.Cars.Car_ID, fstm4db.Cars.Car_Name, fstm4db.Cars.Car_Country, fstm4db.Cars.Car_Price FROM fstm4db.Cars]
READER_1_1_1> RR_4049 [2023-04-07 07:07:52.977] SQL Query issued to database : (Fri Apr 07 07:07:52 2023)
READER_1_1_1> RR_4050 [2023-04-07 07:07:54.134] First row returned from database to reader : (Fri Apr 07 07:07:54 2023)
READER_1_1_1> BLKR_16019 [2023-04-07 07:07:54.134] Read [100] rows, read [0] error rows for source table [Cars] instance name [Cars]
READER_1_1_1> BLKR_16008 [2023-04-07 07:07:54.135] Reader run completed.
WRITER_1_*_1> WRT_8167 [2023-04-07 07:07:54.138] Start loading table [Min_Car_Prices_Ananya] at: Fri Apr 07 07:07:53 2023
TRANSF_1_1_1> TE_7032 [2023-04-07 07:07:56.967] The B-Tree being managed in files
/data2/home/cldagnt/SystemAgent/apps/Data_Integration_Server/data/01207I0E00000000005N/01207I/cache/PMAGG-1896144544_4_0.dat for Data and

/data2/home/cldagnt/SystemAgent/apps/Data_Integration_Server/data/01207I0E00000000005N/01207I/cache/PMAGG-1896144544_4_0.idx for Index has:
	Index Size:	1535
	Row Size:	632
	Order:		100
	Minimum Order:	50
	Height:		1
	Entries:	20
	IndexPageSize:	155136
	IndexPages:	68
	DataPageSize:	640
	DataPages:	3277

TRANSF_1_1_1> DBG_21216 [2023-04-07 07:07:56.967] Finished transformations for Source Qualifier [Source]. Total errors [0] 
WRITER_1_*_1> WRT_8168 [2023-04-07 07:08:01.658] End loading table [Min_Car_Prices_Ananya] at: Fri Apr 07 07:08:01 2023
WRITER_1_*_1> WRT_8141 [2023-04-07 07:08:02.131] 
Commit on end-of-data  Fri Apr 07 07:08:01 2023
===================================================

WRT_8036 Target: Min_Car_Prices_Ananya (Instance Name: [Min_Car_Prices_Ananya])
WRT_8038 Inserted rows - Requested: 20         Applied: 20         Rejected: 0          Affected: 20        

WRITER_1_*_1> WRT_8035 [2023-04-07 07:08:02.131] Load complete time: Fri Apr 07 07:08:01 2023

LOAD SUMMARY
============

WRT_8036 Target: Min_Car_Prices_Ananya (Instance Name: [Min_Car_Prices_Ananya])
WRT_8038 Inserted rows - Requested: 20         Applied: 20         Rejected: 0          Affected: 20        


WRITER_1_*_1> WRT_8043 [2023-04-07 07:08:02.131] *****END LOAD SESSION*****
WRITER_1_*_1> WRT_8006 [2023-04-07 07:08:02.424] Writer run completed.
MANAGER> PETL_24031 [2023-04-07 07:08:02.424] 
***** RUN INFO FOR TGT LOAD ORDER GROUP [1], CONCURRENT SET [1] *****
Thread [READER_1_1_1] created for [the read stage] of partition point [Source] has completed.
	Total Run Time = [1.450992] secs
	Total Idle Time = [0.000000] secs
	Busy Percentage = [100.000000]
Thread [TRANSF_1_1_1] created for [the transformation stage] of partition point [Source] has completed.
	Total Run Time = [2.832842] secs
	Total Idle Time = [2.829179] secs
	Busy Percentage = [0.129315]
	Transformation-specific statistics for this thread were not accurate enough to report.
Thread [WRITER_1_*_1] created for [the write stage] of partition point [Min_Car_Prices_Ananya] has completed.
	Total Run Time = [8.285813] secs
	Total Idle Time = [0.000000] secs
	Busy Percentage = [100.000000]

MAPPING> CMN_1791 [2023-04-07 07:08:02.425] The index cache size that would hold [20] aggregate groups of input rows for [Aggregator], in memory, is [155136] bytes
MAPPING> CMN_1790 [2023-04-07 07:08:02.425] The data cache size that would hold [20] aggregate groups of input rows for [Aggregator], in memory, is [12800] bytes
MANAGER> PETL_24005 [2023-04-07 07:08:02.425] Starting post-session tasks. : (Fri Apr 07 07:08:02 2023)
POST-SESS> PETL_24091 [2023-04-07 07:08:02.425] Thread [POST-SESS] has the ID [8].
MANAGER> PETL_24029 [2023-04-07 07:08:02.426] Post-session task completed successfully. : (Fri Apr 07 07:08:02 2023)
MAPPING> TM_6018 [2023-04-07 07:08:02.426] The session completed with [0] row transformation errors. 
MANAGER> TE_7216 [2023-04-07 07:08:02.426] Deleting cache files [/data2/home/cldagnt/SystemAgent/apps/Data_Integration_Server/data/01207I0E00000000005N/01207I/cache/PMAGG-1896144544_4_0.idx] for transformation [Aggregator].
MANAGER> TE_7216 [2023-04-07 07:08:02.426] Deleting cache files [/data2/home/cldagnt/SystemAgent/apps/Data_Integration_Server/data/01207I0E00000000005N/01207I/cache/PMAGG-1896144544_4_0.dat] for transformation [Aggregator].
MANAGER> PETL_24002 [2023-04-07 07:08:03.206] Parallel Pipeline Engine finished.
DIRECTOR> PETL_24012 [2023-04-07 07:08:03.206] Session run completed successfully.
DIRECTOR> TM_6022 [2023-04-07 07:08:03.206] 

SESSION LOAD SUMMARY
================================================

DIRECTOR> TM_6252 [2023-04-07 07:08:03.206] Source Load Summary.
DIRECTOR> CMN_1740 [2023-04-07 07:08:03.206] Table: [Source] (Instance Name: [Source] Instance UI Name: [Source])
	 Output Rows [100], Affected Rows [100], Applied Rows [100], Rejected Rows [0]
DIRECTOR> TM_6253 [2023-04-07 07:08:03.206] Target Load Summary.
DIRECTOR> CMN_1740 [2023-04-07 07:08:03.206] Table: [Min_Car_Prices_Ananya] (Instance Name: [Min_Car_Prices_Ananya] Instance UI Name: [Target])
	 Output Rows [20], Affected Rows [20], Applied Rows [20], Rejected Rows [0]
DIRECTOR> TM_6023 [2023-04-07 07:08:03.206] 
===================================================

DIRECTOR> TM_6020 [2023-04-07 07:08:03.206] Session [s_mtt_01207I0Z000000000004] completed at [Fri Apr 07 07:08:03 2023].
